mode: set
github.com/The-Gleb/gmessenger/app/internal/domain/service/dialog.go:20.57,25.2 1 1
github.com/The-Gleb/gmessenger/app/internal/domain/service/dialog.go:27.54,31.48 3 0
github.com/The-Gleb/gmessenger/app/internal/domain/service/dialog.go:31.48,33.3 1 0
github.com/The-Gleb/gmessenger/app/internal/domain/service/dialog.go:34.2,40.17 5 0
github.com/The-Gleb/gmessenger/app/internal/domain/service/dialog.go:44.57,51.44 4 0
github.com/The-Gleb/gmessenger/app/internal/domain/service/dialog.go:51.44,53.3 1 0
github.com/The-Gleb/gmessenger/app/internal/domain/service/dialog.go:55.2,55.64 1 0
github.com/The-Gleb/gmessenger/app/internal/domain/service/dialog.go:59.86,61.20 1 0
github.com/The-Gleb/gmessenger/app/internal/domain/service/dialog.go:62.26,64.9 2 0
github.com/The-Gleb/gmessenger/app/internal/domain/service/dialog.go:68.79,71.66 2 1
github.com/The-Gleb/gmessenger/app/internal/domain/service/dialog.go:71.66,75.3 3 0
github.com/The-Gleb/gmessenger/app/internal/domain/service/dialog.go:77.2,84.16 2 1
github.com/The-Gleb/gmessenger/app/internal/domain/service/dialog.go:84.16,88.3 3 0
github.com/The-Gleb/gmessenger/app/internal/domain/service/dialog.go:90.2,99.16 8 1
github.com/The-Gleb/gmessenger/app/internal/domain/service/dialog.go:99.16,103.3 3 0
github.com/The-Gleb/gmessenger/app/internal/domain/service/dialog.go:106.2,111.54 5 1
github.com/The-Gleb/gmessenger/app/internal/domain/service/dialog.go:111.54,113.3 1 1
github.com/The-Gleb/gmessenger/app/internal/domain/service/dialog.go:115.2,116.39 2 1
github.com/The-Gleb/gmessenger/app/internal/domain/service/dialog.go:116.39,119.3 2 1
github.com/The-Gleb/gmessenger/app/internal/domain/service/dialog.go:125.2,125.44 1 1
github.com/The-Gleb/gmessenger/app/internal/domain/service/dialog.go:125.44,126.46 1 1
github.com/The-Gleb/gmessenger/app/internal/domain/service/dialog.go:126.46,145.4 2 1
github.com/The-Gleb/gmessenger/app/internal/domain/service/dialog.go:145.9,164.4 1 0
github.com/The-Gleb/gmessenger/app/internal/domain/service/dialog.go:168.2,168.17 1 1
github.com/The-Gleb/gmessenger/app/internal/domain/service/group_hub.go:28.50,33.2 1 1
github.com/The-Gleb/gmessenger/app/internal/domain/service/group_hub.go:35.49,41.16 2 0
github.com/The-Gleb/gmessenger/app/internal/domain/service/group_hub.go:41.16,45.3 3 0
github.com/The-Gleb/gmessenger/app/internal/domain/service/group_hub.go:47.2,47.25 1 0
github.com/The-Gleb/gmessenger/app/internal/domain/service/group_hub.go:47.25,51.3 3 0
github.com/The-Gleb/gmessenger/app/internal/domain/service/group_hub.go:53.2,57.9 4 0
github.com/The-Gleb/gmessenger/app/internal/domain/service/group_hub.go:57.9,63.3 2 0
github.com/The-Gleb/gmessenger/app/internal/domain/service/group_hub.go:65.2,67.9 2 0
github.com/The-Gleb/gmessenger/app/internal/domain/service/group_hub.go:67.9,70.3 2 0
github.com/The-Gleb/gmessenger/app/internal/domain/service/group_hub.go:72.2,75.17 3 0
github.com/The-Gleb/gmessenger/app/internal/domain/service/group_hub.go:79.52,88.58 5 0
github.com/The-Gleb/gmessenger/app/internal/domain/service/group_hub.go:88.58,90.3 1 0
github.com/The-Gleb/gmessenger/app/internal/domain/service/group_hub.go:92.2,92.43 1 0
github.com/The-Gleb/gmessenger/app/internal/domain/service/group_hub.go:92.43,94.3 1 0
github.com/The-Gleb/gmessenger/app/internal/domain/service/group_hub.go:98.81,100.20 1 0
github.com/The-Gleb/gmessenger/app/internal/domain/service/group_hub.go:101.26,103.9 2 0
github.com/The-Gleb/gmessenger/app/internal/domain/service/group_hub.go:107.85,110.66 2 1
github.com/The-Gleb/gmessenger/app/internal/domain/service/group_hub.go:110.66,114.3 3 0
github.com/The-Gleb/gmessenger/app/internal/domain/service/group_hub.go:116.2,121.16 2 1
github.com/The-Gleb/gmessenger/app/internal/domain/service/group_hub.go:121.16,125.3 3 0
github.com/The-Gleb/gmessenger/app/internal/domain/service/group_hub.go:127.2,137.16 4 1
github.com/The-Gleb/gmessenger/app/internal/domain/service/group_hub.go:137.16,141.3 3 0
github.com/The-Gleb/gmessenger/app/internal/domain/service/group_hub.go:143.2,148.73 5 1
github.com/The-Gleb/gmessenger/app/internal/domain/service/group_hub.go:148.73,149.40 1 1
github.com/The-Gleb/gmessenger/app/internal/domain/service/group_hub.go:149.40,151.4 1 1
github.com/The-Gleb/gmessenger/app/internal/domain/service/group_hub.go:153.2,153.17 1 1
github.com/The-Gleb/gmessenger/app/internal/domain/service/message.go:20.58,22.2 1 0
github.com/The-Gleb/gmessenger/app/internal/domain/service/message.go:24.93,26.2 1 0
github.com/The-Gleb/gmessenger/app/internal/domain/service/message.go:28.99,30.2 1 0
github.com/The-Gleb/gmessenger/app/internal/domain/service/message.go:32.110,34.2 1 0
github.com/The-Gleb/gmessenger/app/internal/domain/service/message.go:36.113,38.2 1 0
github.com/The-Gleb/gmessenger/app/internal/domain/service/session.go:22.58,24.2 1 0
github.com/The-Gleb/gmessenger/app/internal/domain/service/session.go:26.102,29.16 2 0
github.com/The-Gleb/gmessenger/app/internal/domain/service/session.go:29.16,31.3 1 0
github.com/The-Gleb/gmessenger/app/internal/domain/service/session.go:32.2,32.25 1 0
github.com/The-Gleb/gmessenger/app/internal/domain/service/session.go:32.25,34.3 1 0
github.com/The-Gleb/gmessenger/app/internal/domain/service/session.go:35.2,35.21 1 0
github.com/The-Gleb/gmessenger/app/internal/domain/service/session.go:38.85,40.6 1 0
github.com/The-Gleb/gmessenger/app/internal/domain/service/session.go:40.6,42.51 2 0
github.com/The-Gleb/gmessenger/app/internal/domain/service/session.go:42.51,44.12 2 0
github.com/The-Gleb/gmessenger/app/internal/domain/service/session.go:46.3,46.17 1 0
github.com/The-Gleb/gmessenger/app/internal/domain/service/session.go:46.17,48.4 1 0
github.com/The-Gleb/gmessenger/app/internal/domain/service/session.go:49.3,49.8 1 0
github.com/The-Gleb/gmessenger/app/internal/domain/service/session.go:51.2,51.12 1 0
github.com/The-Gleb/gmessenger/app/internal/domain/service/session.go:54.75,56.16 2 0
github.com/The-Gleb/gmessenger/app/internal/domain/service/session.go:56.16,58.3 1 0
github.com/The-Gleb/gmessenger/app/internal/domain/service/session.go:59.2,59.12 1 0
github.com/The-Gleb/gmessenger/app/internal/domain/service/user.go:22.49,24.2 1 0
github.com/The-Gleb/gmessenger/app/internal/domain/service/user.go:26.91,28.2 1 0
github.com/The-Gleb/gmessenger/app/internal/domain/service/user.go:30.91,32.2 1 0
github.com/The-Gleb/gmessenger/app/internal/domain/service/user.go:34.87,36.2 1 0
github.com/The-Gleb/gmessenger/app/internal/domain/service/user.go:38.79,40.2 1 0
github.com/The-Gleb/gmessenger/app/internal/domain/service/user.go:42.99,44.2 1 0
github.com/The-Gleb/gmessenger/app/internal/domain/usecase/chats/usecase.go:39.93,45.2 1 1
github.com/The-Gleb/gmessenger/app/internal/domain/usecase/chats/usecase.go:47.93,50.16 2 1
github.com/The-Gleb/gmessenger/app/internal/domain/usecase/chats/usecase.go:50.16,52.3 1 0
github.com/The-Gleb/gmessenger/app/internal/domain/usecase/chats/usecase.go:54.2,59.16 2 1
github.com/The-Gleb/gmessenger/app/internal/domain/usecase/chats/usecase.go:59.16,61.3 1 0
github.com/The-Gleb/gmessenger/app/internal/domain/usecase/chats/usecase.go:63.2,65.58 2 1
github.com/The-Gleb/gmessenger/app/internal/domain/usecase/chats/usecase.go:65.58,77.3 5 1
github.com/The-Gleb/gmessenger/app/internal/domain/usecase/chats/usecase.go:79.2,81.19 2 1
github.com/The-Gleb/gmessenger/app/internal/domain/service/client/client.go:44.33,48.15 2 1
github.com/The-Gleb/gmessenger/app/internal/domain/service/client/client.go:48.15,51.3 2 1
github.com/The-Gleb/gmessenger/app/internal/domain/service/client/client.go:53.2,53.6 1 1
github.com/The-Gleb/gmessenger/app/internal/domain/service/client/client.go:53.6,54.10 1 1
github.com/The-Gleb/gmessenger/app/internal/domain/service/client/client.go:55.35,57.11 1 1
github.com/The-Gleb/gmessenger/app/internal/domain/service/client/client.go:57.11,60.5 2 0
github.com/The-Gleb/gmessenger/app/internal/domain/service/client/client.go:62.4,64.30 2 1
github.com/The-Gleb/gmessenger/app/internal/domain/service/client/client.go:64.30,68.5 3 1
github.com/The-Gleb/gmessenger/app/internal/domain/service/client/client.go:70.4,71.18 2 1
github.com/The-Gleb/gmessenger/app/internal/domain/service/client/client.go:71.18,75.5 3 0
github.com/The-Gleb/gmessenger/app/internal/domain/service/client/client.go:77.4,77.75 1 1
github.com/The-Gleb/gmessenger/app/internal/domain/service/client/client.go:77.75,80.5 2 0
github.com/The-Gleb/gmessenger/app/internal/domain/service/client/client.go:82.19,85.79 1 0
github.com/The-Gleb/gmessenger/app/internal/domain/service/client/client.go:85.79,88.5 2 0
github.com/The-Gleb/gmessenger/app/internal/domain/service/client/client.go:95.52,100.2 1 0
github.com/The-Gleb/gmessenger/app/internal/domain/service/client/client.go:102.32,104.15 1 1
github.com/The-Gleb/gmessenger/app/internal/domain/service/client/client.go:104.15,106.3 1 1
github.com/The-Gleb/gmessenger/app/internal/domain/service/client/client.go:108.2,110.73 2 1
github.com/The-Gleb/gmessenger/app/internal/domain/service/client/client.go:110.73,113.3 2 0
github.com/The-Gleb/gmessenger/app/internal/domain/service/client/client.go:115.2,117.6 2 1
github.com/The-Gleb/gmessenger/app/internal/domain/service/client/client.go:117.6,120.17 2 1
github.com/The-Gleb/gmessenger/app/internal/domain/service/client/client.go:120.17,121.105 1 1
github.com/The-Gleb/gmessenger/app/internal/domain/service/client/client.go:121.105,123.5 1 0
github.com/The-Gleb/gmessenger/app/internal/domain/service/client/client.go:124.4,124.9 1 1
github.com/The-Gleb/gmessenger/app/internal/domain/service/client/client.go:127.3,132.17 4 1
github.com/The-Gleb/gmessenger/app/internal/domain/service/client/client.go:132.17,136.4 3 1
github.com/The-Gleb/gmessenger/app/internal/domain/service/client/client.go:138.3,140.32 2 1
github.com/The-Gleb/gmessenger/app/internal/domain/service/client/client.go:144.59,146.16 2 1
github.com/The-Gleb/gmessenger/app/internal/domain/service/client/client.go:146.16,148.3 1 0
